<?xml version="1.0" encoding="UTF-8"?>
<!-- Generated by org.testng.reporters.JUnitXMLReporter -->
<testsuite ignored="0" hostname="INLEN8520051454" failures="2" tests="4" name="Test" time="0.124" errors="0" timestamp="2023-08-25T17:00:15 IST">
  <testcase classname="com.snap.testing.SecondTest" name="log" time="0.031">
    <failure type="java.lang.AssertionError" message="expected [false] but found [true]">
      <![CDATA[java.lang.AssertionError: expected [false] but found [true]
at com.snap.testing.SecondTest.log(SecondTest.java:13)
at java.base/java.util.ArrayList.forEach(ArrayList.java:1511)
... Removed 34 stack frames]]>
    </failure>
  </testcase> <!-- log -->
  <testcase classname="com.snap.testing.SecondTest" name="search" time="0.003">
    <failure type="java.lang.AssertionError" message="expected [false] but found [true]">
      <![CDATA[java.lang.AssertionError: expected [false] but found [true]
at com.snap.testing.SecondTest.search(SecondTest.java:20)
at java.base/java.util.ArrayList.forEach(ArrayList.java:1511)
... Removed 34 stack frames]]>
    </failure>
  </testcase> <!-- search -->
  <testcase classname="com.snap.testing.SecondTest" name="addtocart" time="0.002"/>
  <testcase classname="com.snap.testing.SecondTest" name="checkout" time="0.002"/>
</testsuite> <!-- Test -->
